{"C:\\Users\\djeth\\OneDrive\\Documents\\GitHub\\QuickRent\\test\\demoTest.js":{"path":"C:\\Users\\djeth\\OneDrive\\Documents\\GitHub\\QuickRent\\test\\demoTest.js","s":{"1":1,"2":1,"3":1,"4":1,"5":1,"6":1,"7":0,"8":0,"9":0,"10":0,"11":0,"12":0,"13":0,"14":0,"15":0,"16":0,"17":0,"18":0,"19":0,"20":0,"21":0,"22":0,"23":0,"24":0,"25":0,"26":0,"27":0,"28":0,"29":0,"30":0,"31":0,"32":0,"33":0,"34":0,"35":0,"36":0,"37":0,"38":0,"39":0,"40":0,"41":0,"42":0},"b":{},"f":{"1":0,"2":0,"3":0,"4":0,"5":0,"6":0,"7":0,"8":0,"9":0,"10":0,"11":0,"12":0,"13":0},"fnMap":{"1":{"name":"(anonymous_1)","line":9,"loc":{"start":{"line":9,"column":22},"end":{"line":9,"column":34}}},"2":{"name":"(anonymous_2)","line":10,"loc":{"start":{"line":10,"column":37},"end":{"line":10,"column":53}}},"3":{"name":"(anonymous_3)","line":18,"loc":{"start":{"line":18,"column":17},"end":{"line":18,"column":37}}},"4":{"name":"(anonymous_4)","line":25,"loc":{"start":{"line":25,"column":50},"end":{"line":25,"column":66}}},"5":{"name":"(anonymous_5)","line":33,"loc":{"start":{"line":33,"column":17},"end":{"line":33,"column":37}}},"6":{"name":"(anonymous_6)","line":41,"loc":{"start":{"line":41,"column":36},"end":{"line":41,"column":52}}},"7":{"name":"(anonymous_7)","line":50,"loc":{"start":{"line":50,"column":17},"end":{"line":50,"column":37}}},"8":{"name":"(anonymous_8)","line":57,"loc":{"start":{"line":57,"column":27},"end":{"line":57,"column":43}}},"9":{"name":"(anonymous_9)","line":65,"loc":{"start":{"line":65,"column":17},"end":{"line":65,"column":37}}},"10":{"name":"(anonymous_10)","line":72,"loc":{"start":{"line":72,"column":35},"end":{"line":72,"column":51}}},"11":{"name":"(anonymous_11)","line":79,"loc":{"start":{"line":79,"column":17},"end":{"line":79,"column":37}}},"12":{"name":"(anonymous_12)","line":85,"loc":{"start":{"line":85,"column":43},"end":{"line":85,"column":59}}},"13":{"name":"(anonymous_13)","line":92,"loc":{"start":{"line":92,"column":17},"end":{"line":92,"column":37}}}},"statementMap":{"1":{"start":{"line":1,"column":0},"end":{"line":1,"column":34}},"2":{"start":{"line":2,"column":0},"end":{"line":2,"column":27}},"3":{"start":{"line":3,"column":0},"end":{"line":3,"column":36}},"4":{"start":{"line":4,"column":0},"end":{"line":4,"column":25}},"5":{"start":{"line":6,"column":0},"end":{"line":6,"column":18}},"6":{"start":{"line":9,"column":0},"end":{"line":98,"column":3}},"7":{"start":{"line":10,"column":4},"end":{"line":23,"column":7}},"8":{"start":{"line":11,"column":8},"end":{"line":14,"column":10}},"9":{"start":{"line":15,"column":8},"end":{"line":22,"column":15}},"10":{"start":{"line":19,"column":16},"end":{"line":19,"column":48}},"11":{"start":{"line":20,"column":16},"end":{"line":20,"column":61}},"12":{"start":{"line":21,"column":16},"end":{"line":21,"column":23}},"13":{"start":{"line":25,"column":4},"end":{"line":38,"column":7}},"14":{"start":{"line":26,"column":8},"end":{"line":29,"column":10}},"15":{"start":{"line":30,"column":8},"end":{"line":37,"column":15}},"16":{"start":{"line":34,"column":16},"end":{"line":34,"column":48}},"17":{"start":{"line":35,"column":16},"end":{"line":35,"column":82}},"18":{"start":{"line":36,"column":16},"end":{"line":36,"column":23}},"19":{"start":{"line":41,"column":4},"end":{"line":55,"column":7}},"20":{"start":{"line":42,"column":8},"end":{"line":46,"column":10}},"21":{"start":{"line":47,"column":8},"end":{"line":54,"column":15}},"22":{"start":{"line":51,"column":16},"end":{"line":51,"column":48}},"23":{"start":{"line":52,"column":16},"end":{"line":52,"column":71}},"24":{"start":{"line":53,"column":16},"end":{"line":53,"column":23}},"25":{"start":{"line":57,"column":4},"end":{"line":70,"column":7}},"26":{"start":{"line":58,"column":8},"end":{"line":61,"column":10}},"27":{"start":{"line":62,"column":8},"end":{"line":69,"column":15}},"28":{"start":{"line":66,"column":16},"end":{"line":66,"column":48}},"29":{"start":{"line":67,"column":16},"end":{"line":67,"column":61}},"30":{"start":{"line":68,"column":16},"end":{"line":68,"column":23}},"31":{"start":{"line":72,"column":4},"end":{"line":84,"column":7}},"32":{"start":{"line":73,"column":8},"end":{"line":75,"column":10}},"33":{"start":{"line":76,"column":8},"end":{"line":83,"column":15}},"34":{"start":{"line":80,"column":16},"end":{"line":80,"column":48}},"35":{"start":{"line":81,"column":16},"end":{"line":81,"column":63}},"36":{"start":{"line":82,"column":16},"end":{"line":82,"column":23}},"37":{"start":{"line":85,"column":4},"end":{"line":97,"column":7}},"38":{"start":{"line":86,"column":8},"end":{"line":88,"column":10}},"39":{"start":{"line":89,"column":8},"end":{"line":96,"column":15}},"40":{"start":{"line":93,"column":16},"end":{"line":93,"column":48}},"41":{"start":{"line":94,"column":16},"end":{"line":94,"column":65}},"42":{"start":{"line":95,"column":16},"end":{"line":95,"column":23}}},"branchMap":{}}}